0.30 127
0.31 126
0.31 125
0.31 124
0.31 123
0.39 122
0.39 121
0.40 120
0.40 119
0.40 118
0.40 117
0.40 116
0.40 115
0.41 114
0.41 113
0.41 112
0.41 111
0.41 110
0.42 109
0.42 108
0.42 107
0.42 106
0.42 105
0.42 104
0.42 103
0.44 102
0.44 101
0.44 100
0.44 99
0.45 98
0.45 97
0.45 96
0.45 95
0.46 94
0.46 93
0.46 92
0.47 91
0.47 90
0.47 89
0.47 88
0.48 87
0.50 86
0.50 85
0.51 84
0.51 83
0.51 82
0.52 81
0.52 80
0.52 79
0.53 78
0.53 77
0.53 76
0.54 75
0.54 74
0.54 73
0.55 72
0.55 71
0.55 70
0.56 69
0.56 68
0.58 67
0.58 66
0.59 65
0.60 64
0.60 63
0.62 62
0.63 61
0.64 60
0.64 59
0.65 58
0.65 57
0.65 56
0.66 55
0.66 54
0.67 53
0.67 52
0.69 51
0.69 50
