0.5084 127
0.5188 126
0.5202 125
0.6017 124
0.6354 123
0.6369 122
0.6434 121
0.6685 120
0.6699 119
0.7046 118
0.7091 117
0.8534 116
0.8945 115
0.8959 114
0.9001 113
0.9227 112
0.9428 111
1.0610 110
1.0871 109
1.1065 108
1.1092 107
1.1120 106
1.1134 105
1.1189 104
1.1844 103
1.1858 102
1.1992 101
1.2006 100
1.2076 99
1.2370 98
1.2398 97
1.3040 96
1.3659 95
1.3869 94
1.4363 93
1.4812 92
1.5205 91
1.5572 90
1.5641 89
1.5683 88
1.5697 87
1.5711 86
1.5766 85
1.5780 84
1.5849 83
1.5916 82
1.5985 81
1.6068 80
1.6082 79
1.6137 78
1.6179 77
1.6249 76
1.6263 75
1.6291 74
1.6346 73
1.6480 72
1.6942 71
1.7023 70
1.7497 69
1.7510 68
1.7564 67
1.7645 66
1.7903 65
1.7995 64
1.8009 63
1.8106 62
1.8226 61
1.8348 60
1.8454 59
1.8559 58
1.8780 57
1.8872 56
1.8899 55
1.8993 54
1.9031 53
1.9111 52
1.9139 51
1.9164 50
